<?xml version="1.0" encoding="UTF-8"?>
<!-- Generated by org.testng.reporters.JUnitXMLReporter -->
<testsuite hostname="Admin-PC" ignored="0" name="Test" tests="2" failures="1" timestamp="20 Feb 2018 07:40:01 GMT" time="77.052" errors="0">
  <testcase name="testValidLogin" time="2.699" classname="scripts.TestValidLogin">
    <failure type="java.lang.AssertionError" message="The following asserts failed:
	expected [actiTIME - Login] but found [selenium]">
      <![CDATA[java.lang.AssertionError: The following asserts failed:
	expected [actiTIME - Login] but found [selenium]
	at scripts.TestValidLogin.testValidLogin(TestValidLogin.java:25)
... Removed 26 stack frames]]>
    </failure>
  </testcase> <!-- testValidLogin -->
  <testcase name="InvalidLogin" time="47.525" classname="scripts.TestInvalidLogin"/>
</testsuite> <!-- Test -->
